<?xml version="1.0" encoding="UTF-8"?>
<!-- Generated by org.testng.reporters.JUnitReportReporter -->
<testsuite hostname="Deepu-PC" failures="0" tests="6" name="yuja.appium.ValidationOfPages" time="105.647" errors="0" timestamp="2023-10-27T17:38:47 EDT" skipped="0">
  <testcase classname="yuja.appium.ValidationOfPages" name="ValidateProfilePage" time="18.492"/>
  <system-out/>
  <testcase classname="yuja.appium.ValidationOfPages" name="ValidateProfilePage" time="18.295"/>
  <system-out/>
  <testcase classname="yuja.appium.ValidationOfPages" name="ValidateHomePage" time="21.594"/>
  <system-out/>
  <testcase classname="yuja.appium.ValidationOfPages" name="ValidateHomePage" time="15.856"/>
  <system-out/>
  <testcase classname="yuja.appium.ValidationOfPages" name="ValidateProfilePage" time="17.159"/>
  <system-out/>
  <testcase classname="yuja.appium.ValidationOfPages" name="ValidateHomePage" time="14.251"/>
  <system-out/>
</testsuite> <!-- yuja.appium.ValidationOfPages -->
