<?xml version="1.0" encoding="UTF-8"?>
<!-- Generated by org.testng.reporters.JUnitReportReporter -->
<testsuite hostname="Deepu-PC" failures="0" tests="1" name="yuja.appium.AppiumBasics" time="17.774" errors="0" timestamp="2023-10-18T00:39:09 EDT" skipped="0">
  <testcase classname="yuja.appium.AppiumBasics" name="loginLogoutTest" time="17.774"/>
  <system-out/>
</testsuite> <!-- yuja.appium.AppiumBasics -->
